{"level":"info","message":"MongoDB connected successfully","service":"aether-study-bot-api","timestamp":"2025-11-02 20:01:49"}
{"level":"info","message":"Server running on port 5000","service":"aether-study-bot-api","timestamp":"2025-11-02 20:01:49"}
{"level":"info","message":"Environment: development","service":"aether-study-bot-api","timestamp":"2025-11-02 20:01:49"}
{"level":"info","message":"Health check: http://localhost:5000/health","service":"aether-study-bot-api","timestamp":"2025-11-02 20:01:49"}
{"level":"info","message":"MongoDB connected successfully","service":"aether-study-bot-api","timestamp":"2025-11-02 20:03:33"}
{"level":"info","message":"Server running on port 5000","service":"aether-study-bot-api","timestamp":"2025-11-02 20:03:33"}
{"level":"info","message":"Environment: development","service":"aether-study-bot-api","timestamp":"2025-11-02 20:03:33"}
{"level":"info","message":"Health check: http://localhost:5000/health","service":"aether-study-bot-api","timestamp":"2025-11-02 20:03:33"}
{"level":"info","message":"MongoDB connected successfully","service":"aether-study-bot-api","timestamp":"2025-11-04 10:17:57"}
{"level":"info","message":"Server running on port 5000","service":"aether-study-bot-api","timestamp":"2025-11-04 10:17:57"}
{"level":"info","message":"Environment: development","service":"aether-study-bot-api","timestamp":"2025-11-04 10:17:57"}
{"level":"info","message":"Health check: http://localhost:5000/health","service":"aether-study-bot-api","timestamp":"2025-11-04 10:17:57"}
{"level":"error","message":"Cannot read properties of undefined (reading 'password')","method":"POST","service":"aether-study-bot-api","stack":"TypeError: Cannot read properties of undefined (reading 'password')\n    at model.UserSchema.methods.comparePassword (C:\\Users\\gauri\\Documents\\main-folder\\portfolio-projects\\project-aether\\src\\models\\User.model.ts:75:52)\n    at AuthService.loginUser (C:\\Users\\gauri\\Documents\\main-folder\\portfolio-projects\\project-aether\\src\\services\\auth.service.ts:48:40)\n    at process.processTicksAndRejections (node:internal/process/task_queues:105:5)\n    at async login (C:\\Users\\gauri\\Documents\\main-folder\\portfolio-projects\\project-aether\\src\\controllers\\auth.controller.ts:12:20)","timestamp":"2025-11-04 10:18:47","url":"/api/auth/login"}
{"level":"error","message":"Cannot read properties of undefined (reading 'password')","method":"POST","service":"aether-study-bot-api","stack":"TypeError: Cannot read properties of undefined (reading 'password')\n    at model.UserSchema.methods.comparePassword (C:\\Users\\gauri\\Documents\\main-folder\\portfolio-projects\\project-aether\\src\\models\\User.model.ts:75:52)\n    at AuthService.loginUser (C:\\Users\\gauri\\Documents\\main-folder\\portfolio-projects\\project-aether\\src\\services\\auth.service.ts:48:40)\n    at process.processTicksAndRejections (node:internal/process/task_queues:105:5)\n    at async login (C:\\Users\\gauri\\Documents\\main-folder\\portfolio-projects\\project-aether\\src\\controllers\\auth.controller.ts:12:20)","timestamp":"2025-11-04 10:22:34","url":"/api/auth/login"}
{"level":"info","message":"MongoDB connected successfully","service":"aether-study-bot-api","timestamp":"2025-11-04 10:25:13"}
{"level":"info","message":"Server running on port 5000","service":"aether-study-bot-api","timestamp":"2025-11-04 10:25:13"}
{"level":"info","message":"Environment: development","service":"aether-study-bot-api","timestamp":"2025-11-04 10:25:13"}
{"level":"info","message":"Health check: http://localhost:5000/health","service":"aether-study-bot-api","timestamp":"2025-11-04 10:25:13"}
{"level":"error","message":"Cannot read properties of undefined (reading 'password')","method":"POST","service":"aether-study-bot-api","stack":"TypeError: Cannot read properties of undefined (reading 'password')\n    at model.UserSchema.methods.comparePassword (C:\\Users\\gauri\\Documents\\main-folder\\portfolio-projects\\project-aether\\src\\models\\User.model.ts:75:52)\n    at AuthService.loginUser (C:\\Users\\gauri\\Documents\\main-folder\\portfolio-projects\\project-aether\\src\\services\\auth.service.ts:48:40)\n    at process.processTicksAndRejections (node:internal/process/task_queues:105:5)\n    at async login (C:\\Users\\gauri\\Documents\\main-folder\\portfolio-projects\\project-aether\\src\\controllers\\auth.controller.ts:12:20)","timestamp":"2025-11-04 10:25:18","url":"/api/auth/login"}
{"level":"info","message":"MongoDB connected successfully","service":"aether-study-bot-api","timestamp":"2025-11-04 10:29:13"}
{"level":"info","message":"Server running on port 5000","service":"aether-study-bot-api","timestamp":"2025-11-04 10:29:13"}
{"level":"info","message":"Environment: development","service":"aether-study-bot-api","timestamp":"2025-11-04 10:29:13"}
{"level":"info","message":"Health check: http://localhost:5000/health","service":"aether-study-bot-api","timestamp":"2025-11-04 10:29:13"}
{"level":"info","message":"MongoDB connected successfully","service":"aether-study-bot-api","timestamp":"2025-11-04 10:29:20"}
{"level":"info","message":"Server running on port 5000","service":"aether-study-bot-api","timestamp":"2025-11-04 10:29:20"}
{"level":"info","message":"Environment: development","service":"aether-study-bot-api","timestamp":"2025-11-04 10:29:20"}
{"level":"info","message":"Health check: http://localhost:5000/health","service":"aether-study-bot-api","timestamp":"2025-11-04 10:29:20"}
{"level":"info","message":"MongoDB connected successfully","service":"aether-study-bot-api","timestamp":"2025-11-04 10:29:49"}
{"level":"info","message":"Server running on port 5000","service":"aether-study-bot-api","timestamp":"2025-11-04 10:29:49"}
{"level":"info","message":"Environment: development","service":"aether-study-bot-api","timestamp":"2025-11-04 10:29:49"}
{"level":"info","message":"Health check: http://localhost:5000/health","service":"aether-study-bot-api","timestamp":"2025-11-04 10:29:49"}
{"level":"info","message":"MongoDB connected successfully","service":"aether-study-bot-api","timestamp":"2025-11-04 10:29:57"}
{"level":"info","message":"Server running on port 5000","service":"aether-study-bot-api","timestamp":"2025-11-04 10:29:57"}
{"level":"info","message":"Environment: development","service":"aether-study-bot-api","timestamp":"2025-11-04 10:29:57"}
{"level":"info","message":"Health check: http://localhost:5000/health","service":"aether-study-bot-api","timestamp":"2025-11-04 10:29:57"}
{"level":"info","message":"MongoDB connected successfully","service":"aether-study-bot-api","timestamp":"2025-11-04 10:30:28"}
{"level":"info","message":"Server running on port 5000","service":"aether-study-bot-api","timestamp":"2025-11-04 10:30:28"}
{"level":"info","message":"Environment: development","service":"aether-study-bot-api","timestamp":"2025-11-04 10:30:28"}
{"level":"info","message":"Health check: http://localhost:5000/health","service":"aether-study-bot-api","timestamp":"2025-11-04 10:30:28"}
{"level":"warn","message":"MongoDB disconnected","service":"aether-study-bot-api","timestamp":"2025-11-05 18:47:41"}
{"level":"info","message":"MongoDB connected successfully","service":"aether-study-bot-api","timestamp":"2025-11-05 18:48:43"}
{"level":"info","message":"Server running on port 5000","service":"aether-study-bot-api","timestamp":"2025-11-05 18:48:43"}
{"level":"info","message":"Environment: development","service":"aether-study-bot-api","timestamp":"2025-11-05 18:48:43"}
{"level":"info","message":"Health check: http://localhost:5000/health","service":"aether-study-bot-api","timestamp":"2025-11-05 18:48:43"}
{"level":"error","message":"Cannot set property query of #<IncomingMessage> which has only a getter","method":"POST","service":"aether-study-bot-api","stack":"TypeError: Cannot set property query of #<IncomingMessage> which has only a getter\n    at C:\\Users\\gauri\\Documents\\main-folder\\portfolio-projects\\project-aether\\node_modules\\express-mongo-sanitize\\index.js:113:18\n    at Array.forEach (<anonymous>)\n    at C:\\Users\\gauri\\Documents\\main-folder\\portfolio-projects\\project-aether\\node_modules\\express-mongo-sanitize\\index.js:110:44\n    at Layer.handleRequest (C:\\Users\\gauri\\Documents\\main-folder\\portfolio-projects\\project-aether\\node_modules\\router\\lib\\layer.js:152:17)\n    at trimPrefix (C:\\Users\\gauri\\Documents\\main-folder\\portfolio-projects\\project-aether\\node_modules\\router\\index.js:342:13)\n    at C:\\Users\\gauri\\Documents\\main-folder\\portfolio-projects\\project-aether\\node_modules\\router\\index.js:297:9\n    at processParams (C:\\Users\\gauri\\Documents\\main-folder\\portfolio-projects\\project-aether\\node_modules\\router\\index.js:582:12)\n    at next (C:\\Users\\gauri\\Documents\\main-folder\\portfolio-projects\\project-aether\\node_modules\\router\\index.js:291:5)\n    at urlencodedParser (C:\\Users\\gauri\\Documents\\main-folder\\portfolio-projects\\project-aether\\node_modules\\body-parser\\lib\\types\\urlencoded.js:57:7)\n    at Layer.handleRequest (C:\\Users\\gauri\\Documents\\main-folder\\portfolio-projects\\project-aether\\node_modules\\router\\lib\\layer.js:152:17)","timestamp":"2025-11-05 18:49:04","url":"/api/auth/register"}
{"level":"info","message":"MongoDB connected successfully","service":"aether-study-bot-api","timestamp":"2025-11-05 18:56:09"}
{"level":"info","message":"Server running on port 5000","service":"aether-study-bot-api","timestamp":"2025-11-05 18:56:09"}
{"level":"info","message":"Environment: development","service":"aether-study-bot-api","timestamp":"2025-11-05 18:56:09"}
{"level":"info","message":"Health check: http://localhost:5000/health","service":"aether-study-bot-api","timestamp":"2025-11-05 18:56:09"}
{"level":"error","message":"Cannot read properties of undefined (reading 'map')","method":"POST","service":"aether-study-bot-api","stack":"TypeError: Cannot read properties of undefined (reading 'map')\n    at <anonymous> (C:\\Users\\gauri\\Documents\\main-folder\\portfolio-projects\\project-aether\\src\\middleware\\validator.middleware.ts:22:37)\n    at process.processTicksAndRejections (node:internal/process/task_queues:105:5)","timestamp":"2025-11-05 18:56:48","url":"/api/auth/register"}
{"level":"info","message":"MongoDB connected successfully","service":"aether-study-bot-api","timestamp":"2025-11-05 18:59:26"}
{"level":"info","message":"Server running on port 5000","service":"aether-study-bot-api","timestamp":"2025-11-05 18:59:26"}
{"level":"info","message":"Environment: development","service":"aether-study-bot-api","timestamp":"2025-11-05 18:59:26"}
{"level":"info","message":"Health check: http://localhost:5000/health","service":"aether-study-bot-api","timestamp":"2025-11-05 18:59:26"}
{"level":"error","message":"Cannot read properties of undefined (reading 'map')","method":"POST","service":"aether-study-bot-api","stack":"TypeError: Cannot read properties of undefined (reading 'map')\n    at <anonymous> (C:\\Users\\gauri\\Documents\\main-folder\\portfolio-projects\\project-aether\\src\\middleware\\validator.middleware.ts:22:37)\n    at process.processTicksAndRejections (node:internal/process/task_queues:105:5)","timestamp":"2025-11-05 18:59:32","url":"/api/auth/register"}
{"level":"info","message":"MongoDB connected successfully","service":"aether-study-bot-api","timestamp":"2025-11-05 19:02:04"}
{"level":"info","message":"Server running on port 5000","service":"aether-study-bot-api","timestamp":"2025-11-05 19:02:04"}
{"level":"info","message":"Environment: development","service":"aether-study-bot-api","timestamp":"2025-11-05 19:02:04"}
{"level":"info","message":"Health check: http://localhost:5000/health","service":"aether-study-bot-api","timestamp":"2025-11-05 19:02:04"}
{"level":"error","message":"Cannot read properties of undefined (reading 'map')","method":"POST","service":"aether-study-bot-api","stack":"TypeError: Cannot read properties of undefined (reading 'map')\n    at <anonymous> (C:\\Users\\gauri\\Documents\\main-folder\\portfolio-projects\\project-aether\\src\\middleware\\validator.middleware.ts:28:37)\n    at process.processTicksAndRejections (node:internal/process/task_queues:105:5)","timestamp":"2025-11-05 19:02:11","url":"/api/auth/register"}
{"level":"info","message":"MongoDB connected successfully","service":"aether-study-bot-api","timestamp":"2025-11-05 19:03:16"}
{"level":"info","message":"Server running on port 5000","service":"aether-study-bot-api","timestamp":"2025-11-05 19:03:16"}
{"level":"info","message":"Environment: development","service":"aether-study-bot-api","timestamp":"2025-11-05 19:03:16"}
{"level":"info","message":"Health check: http://localhost:5000/health","service":"aether-study-bot-api","timestamp":"2025-11-05 19:03:16"}
{"level":"error","message":"Validation failed","method":"POST","service":"aether-study-bot-api","stack":"Error: Validation failed\n    at new ValidationError (C:\\Users\\gauri\\Documents\\main-folder\\portfolio-projects\\project-aether\\src\\middleware\\error.middleware.ts:19:5)\n    at <anonymous> (C:\\Users\\gauri\\Documents\\main-folder\\portfolio-projects\\project-aether\\src\\middleware\\validator.middleware.ts:41:21)\n    at process.processTicksAndRejections (node:internal/process/task_queues:105:5)","timestamp":"2025-11-05 19:03:22","url":"/api/auth/register"}
{"level":"error","message":"Validation failed","method":"POST","service":"aether-study-bot-api","stack":"Error: Validation failed\n    at new ValidationError (C:\\Users\\gauri\\Documents\\main-folder\\portfolio-projects\\project-aether\\src\\middleware\\error.middleware.ts:19:5)\n    at <anonymous> (C:\\Users\\gauri\\Documents\\main-folder\\portfolio-projects\\project-aether\\src\\middleware\\validator.middleware.ts:41:21)\n    at process.processTicksAndRejections (node:internal/process/task_queues:105:5)","timestamp":"2025-11-05 19:04:04","url":"/api/auth/register"}
{"level":"error","message":"Validation failed","method":"POST","service":"aether-study-bot-api","stack":"Error: Validation failed\n    at new ValidationError (C:\\Users\\gauri\\Documents\\main-folder\\portfolio-projects\\project-aether\\src\\middleware\\error.middleware.ts:19:5)\n    at <anonymous> (C:\\Users\\gauri\\Documents\\main-folder\\portfolio-projects\\project-aether\\src\\middleware\\validator.middleware.ts:41:21)\n    at process.processTicksAndRejections (node:internal/process/task_queues:105:5)","timestamp":"2025-11-05 19:04:33","url":"/api/auth/login"}
{"level":"error","message":"Validation failed","method":"POST","service":"aether-study-bot-api","stack":"Error: Validation failed\n    at new ValidationError (C:\\Users\\gauri\\Documents\\main-folder\\portfolio-projects\\project-aether\\src\\middleware\\error.middleware.ts:19:5)\n    at <anonymous> (C:\\Users\\gauri\\Documents\\main-folder\\portfolio-projects\\project-aether\\src\\middleware\\validator.middleware.ts:41:21)\n    at process.processTicksAndRejections (node:internal/process/task_queues:105:5)","timestamp":"2025-11-05 19:04:51","url":"/api/auth/register"}
{"level":"error","message":"Validation failed","method":"POST","service":"aether-study-bot-api","stack":"Error: Validation failed\n    at new ValidationError (C:\\Users\\gauri\\Documents\\main-folder\\portfolio-projects\\project-aether\\src\\middleware\\error.middleware.ts:19:5)\n    at <anonymous> (C:\\Users\\gauri\\Documents\\main-folder\\portfolio-projects\\project-aether\\src\\middleware\\validator.middleware.ts:41:21)\n    at process.processTicksAndRejections (node:internal/process/task_queues:105:5)","timestamp":"2025-11-05 19:05:04","url":"/api/auth/register"}
{"level":"info","message":"MongoDB connected successfully","service":"aether-study-bot-api","timestamp":"2025-11-05 19:07:10"}
{"level":"info","message":"Server running on port 5000","service":"aether-study-bot-api","timestamp":"2025-11-05 19:07:10"}
{"level":"info","message":"Environment: development","service":"aether-study-bot-api","timestamp":"2025-11-05 19:07:10"}
{"level":"info","message":"Health check: http://localhost:5000/health","service":"aether-study-bot-api","timestamp":"2025-11-05 19:07:10"}
{"level":"error","message":"User with this email address already exists","method":"POST","service":"aether-study-bot-api","stack":"Error: User with this email address already exists\n    at new ConflictError (C:\\Users\\gauri\\Documents\\main-folder\\portfolio-projects\\project-aether\\src\\middleware\\error.middleware.ts:43:5)\n    at AuthService.registerUser (C:\\Users\\gauri\\Documents\\main-folder\\portfolio-projects\\project-aether\\src\\services\\auth.service.ts:23:13)\n    at process.processTicksAndRejections (node:internal/process/task_queues:105:5)\n    at async register (C:\\Users\\gauri\\Documents\\main-folder\\portfolio-projects\\project-aether\\src\\controllers\\auth.controller.ts:7:20)","timestamp":"2025-11-05 19:07:29","url":"/api/auth/register"}
